0 verbose cli /usr/bin/node /usr/bin/npm
1 info using npm@10.8.2
2 info using node@v20.19.2
3 silly config load:file:/usr/lib/node_modules/npm/npmrc
4 silly config load:file:/home/user/eslint/.npmrc
5 silly config load:file:/home/user/.npmrc
6 silly config load:file:/usr/etc/npmrc
7 verbose title npm install eslint@9.25.1 @eslint/css@0.6.0 @eslint/json@0.12.0 @html-eslint/parser@0.40.0 @html-eslint/eslint-plugin@0.39.0 @eslint/js@9.25.1 globals@13.19.0
8 verbose argv "install" "--save-dev" "eslint@9.25.1" "@eslint/css@0.6.0" "@eslint/json@0.12.0" "@html-eslint/parser@0.40.0" "@html-eslint/eslint-plugin@0.39.0" "@eslint/js@9.25.1" "globals@13.19.0"
9 verbose logfile logs-max:10 dir:/home/user/.npm/_logs/2025-07-17T02_48_45_418Z-
10 verbose logfile /home/user/.npm/_logs/2025-07-17T02_48_45_418Z-debug-0.log
11 silly packumentCache heap:530317312 maxSize:132579328 maxEntrySize:66289664
12 silly logfile done cleaning log files
13 silly idealTree buildDeps
14 silly fetch manifest eslint@9.25.1
15 silly packumentCache full:https://registry.npmjs.org/eslint cache-miss
16 http fetch GET 200 https://registry.npmjs.org/eslint 23ms (cache hit)
17 silly packumentCache full:https://registry.npmjs.org/eslint set size:1811205 disposed:false
18 silly fetch manifest jiti@*
19 silly packumentCache full:https://registry.npmjs.org/jiti cache-miss
20 http fetch GET 200 https://registry.npmjs.org/jiti 31ms (cache hit)
21 silly packumentCache full:https://registry.npmjs.org/jiti set size:363881 disposed:false
22 silly fetch manifest @eslint/css@0.6.0
23 silly packumentCache full:https://registry.npmjs.org/@eslint%2fcss cache-miss
24 http fetch GET 200 https://registry.npmjs.org/@eslint%2fcss 5ms (cache hit)
25 silly packumentCache full:https://registry.npmjs.org/@eslint%2fcss set size:54645 disposed:false
26 silly fetch manifest @eslint/json@0.12.0
27 silly packumentCache full:https://registry.npmjs.org/@eslint%2fjson cache-miss
28 http fetch GET 200 https://registry.npmjs.org/@eslint%2fjson 4ms (cache hit)
29 silly packumentCache full:https://registry.npmjs.org/@eslint%2fjson set size:59089 disposed:false
30 silly fetch manifest @html-eslint/parser@0.40.0
31 silly packumentCache full:https://registry.npmjs.org/@html-eslint%2fparser cache-miss
32 http fetch GET 200 https://registry.npmjs.org/@html-eslint%2fparser 6ms (cache hit)
33 silly packumentCache full:https://registry.npmjs.org/@html-eslint%2fparser set size:137802 disposed:false
34 silly fetch manifest @html-eslint/eslint-plugin@0.39.0
35 silly packumentCache full:https://registry.npmjs.org/@html-eslint%2feslint-plugin cache-miss
36 http fetch GET 200 https://registry.npmjs.org/@html-eslint%2feslint-plugin 5ms (cache hit)
37 silly packumentCache full:https://registry.npmjs.org/@html-eslint%2feslint-plugin set size:197162 disposed:false
38 silly fetch manifest @eslint/js@9.25.1
39 silly packumentCache full:https://registry.npmjs.org/@eslint%2fjs cache-miss
40 http fetch GET 200 https://registry.npmjs.org/@eslint%2fjs 7ms (cache hit)
41 silly packumentCache full:https://registry.npmjs.org/@eslint%2fjs set size:116145 disposed:false
42 silly fetch manifest globals@13.19.0
43 silly packumentCache full:https://registry.npmjs.org/globals cache-miss
44 http fetch GET 200 https://registry.npmjs.org/globals 4ms (cache hit)
45 silly packumentCache full:https://registry.npmjs.org/globals set size:283323 disposed:false
46 silly placeDep ROOT @eslint/css@0.6.0 OK for: eslint@1.0.0 want: 0.6.0
47 silly placeDep ROOT @eslint/js@9.25.1 OK for: eslint@1.0.0 want: 9.25.1
48 silly placeDep ROOT @eslint/json@0.12.0 OK for: eslint@1.0.0 want: 0.12.0
49 silly placeDep ROOT @html-eslint/eslint-plugin@0.39.0 OK for: eslint@1.0.0 want: 0.39.0
50 silly placeDep ROOT @html-eslint/parser@0.40.0 OK for: eslint@1.0.0 want: 0.40.0
51 silly placeDep ROOT eslint@9.25.1 OK for: eslint@1.0.0 want: 9.25.1
52 silly placeDep ROOT globals@13.19.0 OK for: eslint@1.0.0 want: 13.19.0
53 silly fetch manifest @eslint/core@^0.10.0
54 silly packumentCache full:https://registry.npmjs.org/@eslint%2fcore cache-miss
55 http fetch GET 200 https://registry.npmjs.org/@eslint%2fcore 9ms (cache hit)
56 silly packumentCache full:https://registry.npmjs.org/@eslint%2fcore set size:38908 disposed:false
57 silly fetch manifest @eslint/css-tree@^3.3.1
58 silly packumentCache full:https://registry.npmjs.org/@eslint%2fcss-tree cache-miss
59 http fetch GET 200 https://registry.npmjs.org/@eslint%2fcss-tree 4ms (cache hit)
60 silly packumentCache full:https://registry.npmjs.org/@eslint%2fcss-tree set size:74808 disposed:false
61 silly fetch manifest @eslint/plugin-kit@^0.2.5
62 silly packumentCache full:https://registry.npmjs.org/@eslint%2fplugin-kit cache-miss
63 http fetch GET 200 https://registry.npmjs.org/@eslint%2fplugin-kit 4ms (cache hit)
64 silly packumentCache full:https://registry.npmjs.org/@eslint%2fplugin-kit set size:46761 disposed:false
65 silly fetch manifest @eslint/core@^0.12.0
66 silly packumentCache full:https://registry.npmjs.org/@eslint%2fcore cache-hit
67 silly fetch manifest natural-compare@^1.4.0
68 silly packumentCache full:https://registry.npmjs.org/natural-compare cache-miss
69 http fetch GET 200 https://registry.npmjs.org/natural-compare 3ms (cache hit)
70 silly packumentCache full:https://registry.npmjs.org/natural-compare set size:7852 disposed:false
71 silly fetch manifest @eslint/plugin-kit@^0.2.7
72 silly packumentCache full:https://registry.npmjs.org/@eslint%2fplugin-kit cache-hit
73 silly fetch manifest @humanwhocodes/momoa@^3.3.4
74 silly packumentCache full:https://registry.npmjs.org/@humanwhocodes%2fmomoa cache-miss
75 http fetch GET 200 https://registry.npmjs.org/@humanwhocodes%2fmomoa 3ms (cache hit)
76 silly packumentCache full:https://registry.npmjs.org/@humanwhocodes%2fmomoa set size:81561 disposed:false
77 silly fetch manifest @html-eslint/template-parser@^0.39.0
78 silly packumentCache full:https://registry.npmjs.org/@html-eslint%2ftemplate-parser cache-miss
79 http fetch GET 200 https://registry.npmjs.org/@html-eslint%2ftemplate-parser 6ms (cache hit)
80 silly packumentCache full:https://registry.npmjs.org/@html-eslint%2ftemplate-parser set size:41089 disposed:false
81 silly fetch manifest @html-eslint/template-syntax-parser@^0.39.0
82 silly packumentCache full:https://registry.npmjs.org/@html-eslint%2ftemplate-syntax-parser cache-miss
83 http fetch GET 200 https://registry.npmjs.org/@html-eslint%2ftemplate-syntax-parser 3ms (cache hit)
84 silly packumentCache full:https://registry.npmjs.org/@html-eslint%2ftemplate-syntax-parser set size:27370 disposed:false
85 silly fetch manifest es-html-parser@0.2.0
86 silly packumentCache full:https://registry.npmjs.org/es-html-parser cache-miss
87 http fetch GET 200 https://registry.npmjs.org/es-html-parser 3ms (cache hit)
88 silly packumentCache full:https://registry.npmjs.org/es-html-parser set size:73050 disposed:false
89 silly fetch manifest @html-eslint/template-syntax-parser@^0.40.0
90 silly packumentCache full:https://registry.npmjs.org/@html-eslint%2ftemplate-syntax-parser cache-hit
91 silly fetch manifest ajv@^6.12.4
92 silly packumentCache full:https://registry.npmjs.org/ajv cache-miss
93 http fetch GET 200 https://registry.npmjs.org/ajv 6ms (cache hit)
94 silly packumentCache full:https://registry.npmjs.org/ajv set size:1126055 disposed:false
95 silly fetch manifest chalk@^4.0.0
96 silly packumentCache full:https://registry.npmjs.org/chalk cache-miss
97 http fetch GET 200 https://registry.npmjs.org/chalk 5ms (cache hit)
98 silly packumentCache full:https://registry.npmjs.org/chalk set size:122561 disposed:false
99 silly fetch manifest debug@^4.3.2
100 silly packumentCache full:https://registry.npmjs.org/debug cache-miss
101 http fetch GET 200 https://registry.npmjs.org/debug 5ms (cache hit)
102 silly packumentCache full:https://registry.npmjs.org/debug set size:193521 disposed:false
103 silly fetch manifest espree@^10.3.0
104 silly packumentCache full:https://registry.npmjs.org/espree cache-miss
105 http fetch GET 200 https://registry.npmjs.org/espree 4ms (cache hit)
106 silly packumentCache full:https://registry.npmjs.org/espree set size:315544 disposed:false
107 silly fetch manifest ignore@^5.2.0
108 silly packumentCache full:https://registry.npmjs.org/ignore cache-miss
109 http fetch GET 200 https://registry.npmjs.org/ignore 24ms (cache hit)
110 silly packumentCache full:https://registry.npmjs.org/ignore set size:237380 disposed:false
111 silly fetch manifest esquery@^1.5.0
112 silly packumentCache full:https://registry.npmjs.org/esquery cache-miss
113 http fetch GET 200 https://registry.npmjs.org/esquery 13ms (cache hit)
114 silly packumentCache full:https://registry.npmjs.org/esquery set size:46301 disposed:false
115 silly fetch manifest esutils@^2.0.2
116 silly packumentCache full:https://registry.npmjs.org/esutils cache-miss
117 http fetch GET 200 https://registry.npmjs.org/esutils 4ms (cache hit)
118 silly packumentCache full:https://registry.npmjs.org/esutils set size:29522 disposed:false
119 silly fetch manifest find-up@^5.0.0
120 silly packumentCache full:https://registry.npmjs.org/find-up cache-miss
121 http fetch GET 200 https://registry.npmjs.org/find-up 4ms (cache hit)
122 silly packumentCache full:https://registry.npmjs.org/find-up set size:38503 disposed:false
123 silly fetch manifest is-glob@^4.0.0
124 silly packumentCache full:https://registry.npmjs.org/is-glob cache-miss
125 http fetch GET 200 https://registry.npmjs.org/is-glob 4ms (cache hit)
126 silly packumentCache full:https://registry.npmjs.org/is-glob set size:40530 disposed:false
127 silly fetch manifest minimatch@^3.1.2
128 silly packumentCache full:https://registry.npmjs.org/minimatch cache-miss
129 http fetch GET 200 https://registry.npmjs.org/minimatch 6ms (cache hit)
130 silly packumentCache full:https://registry.npmjs.org/minimatch set size:298903 disposed:false
131 silly fetch manifest optionator@^0.9.3
132 silly packumentCache full:https://registry.npmjs.org/optionator cache-miss
133 http fetch GET 200 https://registry.npmjs.org/optionator 7ms (cache hit)
134 silly packumentCache full:https://registry.npmjs.org/optionator set size:49651 disposed:false
135 silly fetch manifest cross-spawn@^7.0.6
136 silly packumentCache full:https://registry.npmjs.org/cross-spawn cache-miss
137 http fetch GET 200 https://registry.npmjs.org/cross-spawn 4ms (cache hit)
138 silly packumentCache full:https://registry.npmjs.org/cross-spawn set size:109066 disposed:false
139 silly fetch manifest glob-parent@^6.0.2
140 silly packumentCache full:https://registry.npmjs.org/glob-parent cache-miss
141 http fetch GET 200 https://registry.npmjs.org/glob-parent 6ms (cache hit)
142 silly packumentCache full:https://registry.npmjs.org/glob-parent set size:42445 disposed:false
143 silly fetch manifest imurmurhash@^0.1.4
144 silly packumentCache full:https://registry.npmjs.org/imurmurhash cache-miss
145 http fetch GET 200 https://registry.npmjs.org/imurmurhash 4ms (cache hit)
146 silly packumentCache full:https://registry.npmjs.org/imurmurhash set size:35819 disposed:false
147 silly fetch manifest @eslint/core@^0.13.0
148 silly packumentCache full:https://registry.npmjs.org/@eslint%2fcore cache-hit
149 silly fetch manifest eslint-scope@^8.3.0
150 silly packumentCache full:https://registry.npmjs.org/eslint-scope cache-miss
151 http fetch GET 200 https://registry.npmjs.org/eslint-scope 4ms (cache hit)
152 silly packumentCache full:https://registry.npmjs.org/eslint-scope set size:89295 disposed:false
153 silly fetch manifest lodash.merge@^4.6.2
154 silly packumentCache full:https://registry.npmjs.org/lodash.merge cache-miss
155 http fetch GET 200 https://registry.npmjs.org/lodash.merge 7ms (cache hit)
156 silly packumentCache full:https://registry.npmjs.org/lodash.merge set size:78575 disposed:false
157 silly fetch manifest @humanfs/node@^0.16.6
158 silly packumentCache full:https://registry.npmjs.org/@humanfs%2fnode cache-miss
159 http fetch GET 200 https://registry.npmjs.org/@humanfs%2fnode 4ms (cache hit)
160 silly packumentCache full:https://registry.npmjs.org/@humanfs%2fnode set size:35754 disposed:false
161 silly fetch manifest @types/estree@^1.0.6
162 silly packumentCache full:https://registry.npmjs.org/@types%2festree cache-miss
163 http fetch GET 200 https://registry.npmjs.org/@types%2festree 7ms (cache hit)
164 silly packumentCache full:https://registry.npmjs.org/@types%2festree set size:74075 disposed:false
165 silly fetch manifest fast-deep-equal@^3.1.3
166 silly packumentCache full:https://registry.npmjs.org/fast-deep-equal cache-miss
167 http fetch GET 200 https://registry.npmjs.org/fast-deep-equal 3ms (cache hit)
168 silly packumentCache full:https://registry.npmjs.org/fast-deep-equal set size:48634 disposed:false
169 silly fetch manifest @eslint/eslintrc@^3.3.1
170 silly packumentCache full:https://registry.npmjs.org/@eslint%2feslintrc cache-miss
171 http fetch GET 200 https://registry.npmjs.org/@eslint%2feslintrc 3ms (cache hit)
172 silly packumentCache full:https://registry.npmjs.org/@eslint%2feslintrc set size:156464 disposed:false
173 silly fetch manifest file-entry-cache@^8.0.0
174 silly packumentCache full:https://registry.npmjs.org/file-entry-cache cache-miss
175 http fetch GET 200 https://registry.npmjs.org/file-entry-cache 19ms (cache hit)
176 silly packumentCache full:https://registry.npmjs.org/file-entry-cache set size:107998 disposed:false
177 silly fetch manifest @eslint/plugin-kit@^0.2.8
178 silly packumentCache full:https://registry.npmjs.org/@eslint%2fplugin-kit cache-hit
179 silly fetch manifest @types/json-schema@^7.0.15
180 silly packumentCache full:https://registry.npmjs.org/@types%2fjson-schema cache-miss
181 http fetch GET 200 https://registry.npmjs.org/@types%2fjson-schema 17ms (cache hit)
182 silly packumentCache full:https://registry.npmjs.org/@types%2fjson-schema set size:44687 disposed:false
183 silly fetch manifest eslint-visitor-keys@^4.2.0
184 silly packumentCache full:https://registry.npmjs.org/eslint-visitor-keys cache-miss
185 http fetch GET 200 https://registry.npmjs.org/eslint-visitor-keys 3ms (cache hit)
186 silly packumentCache full:https://registry.npmjs.org/eslint-visitor-keys set size:65553 disposed:false
187 silly fetch manifest @eslint/config-array@^0.20.0
188 silly packumentCache full:https://registry.npmjs.org/@eslint%2fconfig-array cache-miss
189 http fetch GET 200 https://registry.npmjs.org/@eslint%2fconfig-array 4ms (cache hit)
190 silly packumentCache full:https://registry.npmjs.org/@eslint%2fconfig-array set size:48479 disposed:false
191 silly fetch manifest @humanwhocodes/retry@^0.4.2
192 silly packumentCache full:https://registry.npmjs.org/@humanwhocodes%2fretry cache-miss
193 http fetch GET 200 https://registry.npmjs.org/@humanwhocodes%2fretry 4ms (cache hit)
194 silly packumentCache full:https://registry.npmjs.org/@humanwhocodes%2fretry set size:42348 disposed:false
195 silly fetch manifest escape-string-regexp@^4.0.0
196 silly packumentCache full:https://registry.npmjs.org/escape-string-regexp cache-miss
197 http fetch GET 200 https://registry.npmjs.org/escape-string-regexp 5ms (cache hit)
198 silly packumentCache full:https://registry.npmjs.org/escape-string-regexp set size:22244 disposed:false
199 silly fetch manifest @eslint/config-helpers@^0.2.1
200 silly packumentCache full:https://registry.npmjs.org/@eslint%2fconfig-helpers cache-miss
201 http fetch GET 200 https://registry.npmjs.org/@eslint%2fconfig-helpers 5ms (cache hit)
202 silly packumentCache full:https://registry.npmjs.org/@eslint%2fconfig-helpers set size:22033 disposed:false
203 silly fetch manifest @eslint-community/regexpp@^4.12.1
204 silly packumentCache full:https://registry.npmjs.org/@eslint-community%2fregexpp cache-miss
205 http fetch GET 200 https://registry.npmjs.org/@eslint-community%2fregexpp 4ms (cache hit)
206 silly packumentCache full:https://registry.npmjs.org/@eslint-community%2fregexpp set size:102941 disposed:false
207 silly fetch manifest @eslint-community/eslint-utils@^4.2.0
208 silly packumentCache full:https://registry.npmjs.org/@eslint-community%2feslint-utils cache-miss
209 http fetch GET 200 https://registry.npmjs.org/@eslint-community%2feslint-utils 3ms (cache hit)
210 silly packumentCache full:https://registry.npmjs.org/@eslint-community%2feslint-utils set size:76618 disposed:false
211 silly fetch manifest @humanwhocodes/module-importer@^1.0.1
212 silly packumentCache full:https://registry.npmjs.org/@humanwhocodes%2fmodule-importer cache-miss
213 http fetch GET 200 https://registry.npmjs.org/@humanwhocodes%2fmodule-importer 5ms (cache hit)
214 silly packumentCache full:https://registry.npmjs.org/@humanwhocodes%2fmodule-importer set size:9516 disposed:false
215 silly fetch manifest json-stable-stringify-without-jsonify@^1.0.1
216 silly packumentCache full:https://registry.npmjs.org/json-stable-stringify-without-jsonify cache-miss
217 http fetch GET 200 https://registry.npmjs.org/json-stable-stringify-without-jsonify 4ms (cache hit)
218 silly packumentCache full:https://registry.npmjs.org/json-stable-stringify-without-jsonify set size:5808 disposed:false
219 silly fetch manifest type-fest@^0.20.2
220 silly packumentCache full:https://registry.npmjs.org/type-fest cache-miss
221 http fetch GET 200 https://registry.npmjs.org/type-fest 4ms (cache hit)
222 silly packumentCache full:https://registry.npmjs.org/type-fest set size:526878 disposed:false
223 silly placeDep ROOT @eslint/core@0.10.0 OK for: @eslint/css@0.6.0 want: ^0.10.0
224 silly placeDep ROOT @eslint/css-tree@3.6.1 OK for: @eslint/css@0.6.0 want: ^3.3.1
225 silly placeDep ROOT @eslint/plugin-kit@0.2.8 OK for: @eslint/css@0.6.0 want: ^0.2.5
226 silly fetch manifest mdn-data@2.21.0
227 silly packumentCache full:https://registry.npmjs.org/mdn-data cache-miss
228 http fetch GET 200 https://registry.npmjs.org/mdn-data 5ms (cache hit)
229 silly packumentCache full:https://registry.npmjs.org/mdn-data set size:161646 disposed:false
230 silly fetch manifest source-map-js@^1.0.1
231 silly packumentCache full:https://registry.npmjs.org/source-map-js cache-miss
232 http fetch GET 200 https://registry.npmjs.org/source-map-js 6ms (cache hit)
233 silly packumentCache full:https://registry.npmjs.org/source-map-js set size:62640 disposed:false
234 silly fetch manifest levn@^0.4.1
235 silly packumentCache full:https://registry.npmjs.org/levn cache-miss
236 http fetch GET 200 https://registry.npmjs.org/levn 3ms (cache hit)
237 silly packumentCache full:https://registry.npmjs.org/levn set size:28223 disposed:false
238 silly placeDep ROOT @types/json-schema@7.0.15 OK for: @eslint/core@0.10.0 want: ^7.0.15
239 silly placeDep ROOT mdn-data@2.21.0 OK for: @eslint/css-tree@3.6.1 want: 2.21.0
240 silly placeDep ROOT source-map-js@1.2.1 OK for: @eslint/css-tree@3.6.1 want: ^1.0.1
241 silly placeDep node_modules/@eslint/json @eslint/core@0.12.0 OK for: @eslint/json@0.12.0 want: ^0.12.0
242 silly placeDep ROOT @humanwhocodes/momoa@3.3.8 OK for: @eslint/json@0.12.0 want: ^3.3.4
243 silly placeDep ROOT natural-compare@1.4.0 OK for: @eslint/json@0.12.0 want: ^1.4.0
244 silly placeDep node_modules/@eslint/plugin-kit @eslint/core@0.13.0 OK for: @eslint/plugin-kit@0.2.8 want: ^0.13.0
245 silly placeDep ROOT levn@0.4.1 OK for: @eslint/plugin-kit@0.2.8 want: ^0.4.1
246 silly fetch manifest prelude-ls@^1.2.1
247 silly packumentCache full:https://registry.npmjs.org/prelude-ls cache-miss
248 http fetch GET 200 https://registry.npmjs.org/prelude-ls 15ms (cache hit)
249 silly packumentCache full:https://registry.npmjs.org/prelude-ls set size:25777 disposed:false
250 silly fetch manifest type-check@~0.4.0
251 silly packumentCache full:https://registry.npmjs.org/type-check cache-miss
252 http fetch GET 200 https://registry.npmjs.org/type-check 6ms (cache hit)
253 silly packumentCache full:https://registry.npmjs.org/type-check set size:21221 disposed:false
254 silly placeDep ROOT @html-eslint/template-parser@0.39.0 OK for: @html-eslint/eslint-plugin@0.39.0 want: ^0.39.0
255 silly placeDep ROOT @html-eslint/template-syntax-parser@0.39.0 OK for: @html-eslint/eslint-plugin@0.39.0 want: ^0.39.0
256 silly fetch manifest es-html-parser@0.1.1
257 silly packumentCache full:https://registry.npmjs.org/es-html-parser cache-hit
258 silly placeDep node_modules/@html-eslint/parser @html-eslint/template-syntax-parser@0.40.0 OK for: @html-eslint/parser@0.40.0 want: ^0.40.0
259 silly placeDep ROOT es-html-parser@0.2.0 OK for: @html-eslint/parser@0.40.0 want: 0.2.0
260 silly placeDep node_modules/@html-eslint/template-parser es-html-parser@0.1.1 OK for: @html-eslint/template-parser@0.39.0 want: 0.1.1
261 silly fetch manifest eslint@^6.0.0 || ^7.0.0 || >=8.0.0
262 silly packumentCache full:https://registry.npmjs.org/eslint cache-miss
263 http fetch GET 200 https://registry.npmjs.org/eslint 18ms (cache hit)
264 silly packumentCache full:https://registry.npmjs.org/eslint set size:1811205 disposed:false
265 silly placeDep ROOT @eslint-community/eslint-utils@4.7.0 OK for: eslint@9.25.1 want: ^4.2.0
266 silly placeDep ROOT @eslint-community/regexpp@4.12.1 OK for: eslint@9.25.1 want: ^4.12.1
267 silly placeDep ROOT @eslint/config-array@0.20.1 OK for: eslint@9.25.1 want: ^0.20.0
268 silly placeDep ROOT @eslint/config-helpers@0.2.3 OK for: eslint@9.25.1 want: ^0.2.1
269 silly placeDep node_modules/eslint @eslint/core@0.13.0 OK for: eslint@9.25.1 want: ^0.13.0
270 silly placeDep ROOT @eslint/eslintrc@3.3.1 OK for: eslint@9.25.1 want: ^3.3.1
271 silly placeDep ROOT @humanfs/node@0.16.6 OK for: eslint@9.25.1 want: ^0.16.6
272 silly placeDep ROOT @humanwhocodes/module-importer@1.0.1 OK for: eslint@9.25.1 want: ^1.0.1
273 silly placeDep ROOT @humanwhocodes/retry@0.4.3 OK for: eslint@9.25.1 want: ^0.4.2
274 silly placeDep ROOT @types/estree@1.0.8 OK for: eslint@9.25.1 want: ^1.0.6
275 silly placeDep ROOT ajv@6.12.6 OK for: eslint@9.25.1 want: ^6.12.4
276 silly placeDep ROOT chalk@4.1.2 OK for: eslint@9.25.1 want: ^4.0.0
277 silly placeDep ROOT cross-spawn@7.0.6 OK for: eslint@9.25.1 want: ^7.0.6
278 silly placeDep ROOT debug@4.4.1 OK for: eslint@9.25.1 want: ^4.3.2
279 silly placeDep ROOT escape-string-regexp@4.0.0 OK for: eslint@9.25.1 want: ^4.0.0
280 silly placeDep ROOT eslint-scope@8.4.0 OK for: eslint@9.25.1 want: ^8.3.0
281 silly placeDep ROOT eslint-visitor-keys@4.2.1 OK for: eslint@9.25.1 want: ^4.2.0
282 silly placeDep ROOT espree@10.4.0 OK for: eslint@9.25.1 want: ^10.3.0
283 silly placeDep ROOT esquery@1.6.0 OK for: eslint@9.25.1 want: ^1.5.0
284 silly placeDep ROOT esutils@2.0.3 OK for: eslint@9.25.1 want: ^2.0.2
285 silly placeDep ROOT fast-deep-equal@3.1.3 OK for: eslint@9.25.1 want: ^3.1.3
286 silly placeDep ROOT file-entry-cache@8.0.0 OK for: eslint@9.25.1 want: ^8.0.0
287 silly placeDep ROOT find-up@5.0.0 OK for: eslint@9.25.1 want: ^5.0.0
288 silly placeDep ROOT glob-parent@6.0.2 OK for: eslint@9.25.1 want: ^6.0.2
289 silly placeDep ROOT ignore@5.3.2 OK for: eslint@9.25.1 want: ^5.2.0
290 silly placeDep ROOT imurmurhash@0.1.4 OK for: eslint@9.25.1 want: ^0.1.4
291 silly placeDep ROOT is-glob@4.0.3 OK for: eslint@9.25.1 want: ^4.0.0
292 silly placeDep ROOT json-stable-stringify-without-jsonify@1.0.1 OK for: eslint@9.25.1 want: ^1.0.1
293 silly placeDep ROOT lodash.merge@4.6.2 OK for: eslint@9.25.1 want: ^4.6.2
294 silly placeDep ROOT minimatch@3.1.2 OK for: eslint@9.25.1 want: ^3.1.2
295 silly placeDep ROOT optionator@0.9.4 OK for: eslint@9.25.1 want: ^0.9.3
296 silly fetch manifest eslint-visitor-keys@^3.4.3
297 silly packumentCache full:https://registry.npmjs.org/eslint-visitor-keys cache-hit
298 silly fetch manifest debug@^4.3.1
299 silly packumentCache full:https://registry.npmjs.org/debug cache-hit
300 silly fetch manifest @eslint/object-schema@^2.1.6
301 silly packumentCache full:https://registry.npmjs.org/@eslint%2fobject-schema cache-miss
302 http fetch GET 200 https://registry.npmjs.org/@eslint%2fobject-schema 5ms (cache hit)
303 silly packumentCache full:https://registry.npmjs.org/@eslint%2fobject-schema set size:18641 disposed:false
304 silly fetch manifest espree@^10.0.1
305 silly packumentCache full:https://registry.npmjs.org/espree cache-hit
306 silly fetch manifest globals@^14.0.0
307 silly packumentCache full:https://registry.npmjs.org/globals cache-hit
308 silly fetch manifest import-fresh@^3.2.1
309 silly packumentCache full:https://registry.npmjs.org/import-fresh cache-miss
310 http fetch GET 200 https://registry.npmjs.org/import-fresh 3ms (cache hit)
311 silly packumentCache full:https://registry.npmjs.org/import-fresh set size:21461 disposed:false
312 silly fetch manifest js-yaml@^4.1.0
313 silly packumentCache full:https://registry.npmjs.org/js-yaml cache-miss
314 http fetch GET 200 https://registry.npmjs.org/js-yaml 6ms (cache hit)
315 silly packumentCache full:https://registry.npmjs.org/js-yaml set size:145975 disposed:false
316 silly fetch manifest strip-json-comments@^3.1.1
317 silly packumentCache full:https://registry.npmjs.org/strip-json-comments cache-miss
318 http fetch GET 200 https://registry.npmjs.org/strip-json-comments 4ms (cache hit)
319 silly packumentCache full:https://registry.npmjs.org/strip-json-comments set size:41580 disposed:false
320 silly fetch manifest @humanwhocodes/retry@^0.3.0
321 silly packumentCache full:https://registry.npmjs.org/@humanwhocodes%2fretry cache-hit
322 silly fetch manifest @humanfs/core@^0.19.1
323 silly packumentCache full:https://registry.npmjs.org/@humanfs%2fcore cache-miss
324 http fetch GET 200 https://registry.npmjs.org/@humanfs%2fcore 6ms (cache hit)
325 silly packumentCache full:https://registry.npmjs.org/@humanfs%2fcore set size:35472 disposed:false
326 silly fetch manifest uri-js@^4.2.2
327 silly packumentCache full:https://registry.npmjs.org/uri-js cache-miss
328 http fetch GET 200 https://registry.npmjs.org/uri-js 4ms (cache hit)
329 silly packumentCache full:https://registry.npmjs.org/uri-js set size:42559 disposed:false
330 silly fetch manifest fast-deep-equal@^3.1.1
331 silly packumentCache full:https://registry.npmjs.org/fast-deep-equal cache-hit
332 silly fetch manifest json-schema-traverse@^0.4.1
333 silly packumentCache full:https://registry.npmjs.org/json-schema-traverse cache-miss
334 http fetch GET 200 https://registry.npmjs.org/json-schema-traverse 3ms (cache hit)
335 silly packumentCache full:https://registry.npmjs.org/json-schema-traverse set size:23537 disposed:false
336 silly fetch manifest fast-json-stable-stringify@^2.0.0
337 silly packumentCache full:https://registry.npmjs.org/fast-json-stable-stringify cache-miss
338 http fetch GET 200 https://registry.npmjs.org/fast-json-stable-stringify 5ms (cache hit)
339 silly packumentCache full:https://registry.npmjs.org/fast-json-stable-stringify set size:11337 disposed:false
340 silly fetch manifest ansi-styles@^4.1.0
341 silly packumentCache full:https://registry.npmjs.org/ansi-styles cache-miss
342 http fetch GET 200 https://registry.npmjs.org/ansi-styles 2ms (cache hit)
343 silly packumentCache full:https://registry.npmjs.org/ansi-styles set size:66356 disposed:false
344 silly fetch manifest supports-color@^7.1.0
345 silly packumentCache full:https://registry.npmjs.org/supports-color cache-miss
346 http fetch GET 200 https://registry.npmjs.org/supports-color 48ms (cache hit)
347 silly packumentCache full:https://registry.npmjs.org/supports-color set size:115466 disposed:false
348 silly fetch manifest which@^2.0.1
349 silly packumentCache full:https://registry.npmjs.org/which cache-miss
350 http fetch GET 200 https://registry.npmjs.org/which 5ms (cache hit)
351 silly packumentCache full:https://registry.npmjs.org/which set size:62722 disposed:false
352 silly fetch manifest path-key@^3.1.0
353 silly packumentCache full:https://registry.npmjs.org/path-key cache-miss
354 http fetch GET 200 https://registry.npmjs.org/path-key 3ms (cache hit)
355 silly packumentCache full:https://registry.npmjs.org/path-key set size:16975 disposed:false
356 silly fetch manifest shebang-command@^2.0.0
357 silly packumentCache full:https://registry.npmjs.org/shebang-command cache-miss
358 http fetch GET 200 https://registry.npmjs.org/shebang-command 4ms (cache hit)
359 silly packumentCache full:https://registry.npmjs.org/shebang-command set size:8525 disposed:false
360 silly fetch manifest ms@^2.1.3
361 silly packumentCache full:https://registry.npmjs.org/ms cache-miss
362 http fetch GET 200 https://registry.npmjs.org/ms 3ms (cache hit)
363 silly packumentCache full:https://registry.npmjs.org/ms set size:84883 disposed:false
364 silly fetch manifest esrecurse@^4.3.0
365 silly packumentCache full:https://registry.npmjs.org/esrecurse cache-miss
366 http fetch GET 200 https://registry.npmjs.org/esrecurse 5ms (cache hit)
367 silly packumentCache full:https://registry.npmjs.org/esrecurse set size:29005 disposed:false
368 silly fetch manifest estraverse@^5.2.0
369 silly packumentCache full:https://registry.npmjs.org/estraverse cache-miss
370 http fetch GET 200 https://registry.npmjs.org/estraverse 3ms (cache hit)
371 silly packumentCache full:https://registry.npmjs.org/estraverse set size:62412 disposed:false
372 silly fetch manifest acorn@^8.15.0
373 silly packumentCache full:https://registry.npmjs.org/acorn cache-miss
374 http fetch GET 200 https://registry.npmjs.org/acorn 4ms (cache hit)
375 silly packumentCache full:https://registry.npmjs.org/acorn set size:377362 disposed:false
376 silly fetch manifest acorn-jsx@^5.3.2
377 silly packumentCache full:https://registry.npmjs.org/acorn-jsx cache-miss
378 http fetch GET 200 https://registry.npmjs.org/acorn-jsx 4ms (cache hit)
379 silly packumentCache full:https://registry.npmjs.org/acorn-jsx set size:71068 disposed:false
380 silly fetch manifest estraverse@^5.1.0
381 silly packumentCache full:https://registry.npmjs.org/estraverse cache-hit
382 silly fetch manifest flat-cache@^4.0.0
383 silly packumentCache full:https://registry.npmjs.org/flat-cache cache-miss
384 http fetch GET 200 https://registry.npmjs.org/flat-cache 7ms (cache hit)
385 silly packumentCache full:https://registry.npmjs.org/flat-cache set size:144167 disposed:false
386 silly fetch manifest locate-path@^6.0.0
387 silly packumentCache full:https://registry.npmjs.org/locate-path cache-miss
388 http fetch GET 200 https://registry.npmjs.org/locate-path 4ms (cache hit)
389 silly packumentCache full:https://registry.npmjs.org/locate-path set size:29792 disposed:false
390 silly fetch manifest path-exists@^4.0.0
391 silly packumentCache full:https://registry.npmjs.org/path-exists cache-miss
392 http fetch GET 200 https://registry.npmjs.org/path-exists 4ms (cache hit)
393 silly packumentCache full:https://registry.npmjs.org/path-exists set size:13704 disposed:false
394 silly fetch manifest is-glob@^4.0.3
395 silly packumentCache full:https://registry.npmjs.org/is-glob cache-hit
396 silly fetch manifest is-extglob@^2.1.1
397 silly packumentCache full:https://registry.npmjs.org/is-extglob cache-miss
398 http fetch GET 200 https://registry.npmjs.org/is-extglob 6ms (cache hit)
399 silly packumentCache full:https://registry.npmjs.org/is-extglob set size:11766 disposed:false
400 silly fetch manifest brace-expansion@^1.1.7
401 silly packumentCache full:https://registry.npmjs.org/brace-expansion cache-miss
402 http fetch GET 200 https://registry.npmjs.org/brace-expansion 4ms (cache hit)
403 silly packumentCache full:https://registry.npmjs.org/brace-expansion set size:46250 disposed:false
404 silly fetch manifest deep-is@^0.1.3
405 silly packumentCache full:https://registry.npmjs.org/deep-is cache-miss
406 http fetch GET 200 https://registry.npmjs.org/deep-is 5ms (cache hit)
407 silly packumentCache full:https://registry.npmjs.org/deep-is set size:10205 disposed:false
408 silly fetch manifest word-wrap@^1.2.5
409 silly packumentCache full:https://registry.npmjs.org/word-wrap cache-miss
410 http fetch GET 200 https://registry.npmjs.org/word-wrap 4ms (cache hit)
411 silly packumentCache full:https://registry.npmjs.org/word-wrap set size:37835 disposed:false
412 silly fetch manifest type-check@^0.4.0
413 silly packumentCache full:https://registry.npmjs.org/type-check cache-hit
414 silly fetch manifest fast-levenshtein@^2.0.6
415 silly packumentCache full:https://registry.npmjs.org/fast-levenshtein cache-miss
416 http fetch GET 200 https://registry.npmjs.org/fast-levenshtein 3ms (cache hit)
417 silly packumentCache full:https://registry.npmjs.org/fast-levenshtein set size:39317 disposed:false
418 silly placeDep node_modules/@eslint-community/eslint-utils eslint-visitor-keys@3.4.3 OK for: @eslint-community/eslint-utils@4.7.0 want: ^3.4.3
419 silly placeDep ROOT @eslint/object-schema@2.1.6 OK for: @eslint/config-array@0.20.1 want: ^2.1.6
420 silly placeDep node_modules/@eslint/eslintrc globals@14.0.0 OK for: @eslint/eslintrc@3.3.1 want: ^14.0.0
421 silly placeDep ROOT import-fresh@3.3.1 OK for: @eslint/eslintrc@3.3.1 want: ^3.2.1
422 silly placeDep ROOT js-yaml@4.1.0 OK for: @eslint/eslintrc@3.3.1 want: ^4.1.0
423 silly placeDep ROOT strip-json-comments@3.1.1 OK for: @eslint/eslintrc@3.3.1 want: ^3.1.1
424 silly fetch manifest parent-module@^1.0.0
425 silly packumentCache full:https://registry.npmjs.org/parent-module cache-miss
426 http fetch GET 200 https://registry.npmjs.org/parent-module 48ms (cache hit)
427 silly packumentCache full:https://registry.npmjs.org/parent-module set size:16638 disposed:false
428 silly fetch manifest resolve-from@^4.0.0
429 silly packumentCache full:https://registry.npmjs.org/resolve-from cache-miss
430 http fetch GET 200 https://registry.npmjs.org/resolve-from 3ms (cache hit)
431 silly packumentCache full:https://registry.npmjs.org/resolve-from set size:12911 disposed:false
432 silly fetch manifest argparse@^2.0.1
433 silly packumentCache full:https://registry.npmjs.org/argparse cache-miss
434 http fetch GET 200 https://registry.npmjs.org/argparse 3ms (cache hit)
435 silly packumentCache full:https://registry.npmjs.org/argparse set size:49266 disposed:false
436 silly placeDep ROOT @humanfs/core@0.19.1 OK for: @humanfs/node@0.16.6 want: ^0.19.1
437 silly placeDep node_modules/@humanfs/node @humanwhocodes/retry@0.3.1 OK for: @humanfs/node@0.16.6 want: ^0.3.0
438 silly placeDep ROOT fast-json-stable-stringify@2.1.0 OK for: ajv@6.12.6 want: ^2.0.0
439 silly placeDep ROOT json-schema-traverse@0.4.1 OK for: ajv@6.12.6 want: ^0.4.1
440 silly placeDep ROOT uri-js@4.4.1 OK for: ajv@6.12.6 want: ^4.2.2
441 silly fetch manifest punycode@^2.1.0
442 silly packumentCache full:https://registry.npmjs.org/punycode cache-miss
443 http fetch GET 200 https://registry.npmjs.org/punycode 5ms (cache hit)
444 silly packumentCache full:https://registry.npmjs.org/punycode set size:61302 disposed:false
445 silly placeDep ROOT ansi-styles@4.3.0 OK for: chalk@4.1.2 want: ^4.1.0
446 silly placeDep ROOT supports-color@7.2.0 OK for: chalk@4.1.2 want: ^7.1.0
447 silly fetch manifest color-convert@^2.0.1
448 silly packumentCache full:https://registry.npmjs.org/color-convert cache-miss
449 http fetch GET 200 https://registry.npmjs.org/color-convert 4ms (cache hit)
450 silly packumentCache full:https://registry.npmjs.org/color-convert set size:68789 disposed:false
451 silly fetch manifest has-flag@^4.0.0
452 silly packumentCache full:https://registry.npmjs.org/has-flag cache-miss
453 http fetch GET 200 https://registry.npmjs.org/has-flag 7ms (cache hit)
454 silly packumentCache full:https://registry.npmjs.org/has-flag set size:15180 disposed:false
455 silly placeDep ROOT color-convert@2.0.1 OK for: ansi-styles@4.3.0 want: ^2.0.1
456 silly fetch manifest color-name@~1.1.4
457 silly packumentCache full:https://registry.npmjs.org/color-name cache-miss
458 http fetch GET 200 https://registry.npmjs.org/color-name 3ms (cache hit)
459 silly packumentCache full:https://registry.npmjs.org/color-name set size:16325 disposed:false
460 silly placeDep ROOT color-name@1.1.4 OK for: color-convert@2.0.1 want: ~1.1.4
461 silly placeDep ROOT path-key@3.1.1 OK for: cross-spawn@7.0.6 want: ^3.1.0
462 silly placeDep ROOT shebang-command@2.0.0 OK for: cross-spawn@7.0.6 want: ^2.0.0
463 silly placeDep ROOT which@2.0.2 OK for: cross-spawn@7.0.6 want: ^2.0.1
464 silly fetch manifest shebang-regex@^3.0.0
465 silly packumentCache full:https://registry.npmjs.org/shebang-regex cache-miss
466 http fetch GET 200 https://registry.npmjs.org/shebang-regex 5ms (cache hit)
467 silly packumentCache full:https://registry.npmjs.org/shebang-regex set size:9763 disposed:false
468 silly fetch manifest isexe@^2.0.0
469 silly packumentCache full:https://registry.npmjs.org/isexe cache-miss
470 http fetch GET 200 https://registry.npmjs.org/isexe 3ms (cache hit)
471 silly packumentCache full:https://registry.npmjs.org/isexe set size:19340 disposed:false
472 silly placeDep ROOT ms@2.1.3 OK for: debug@4.4.1 want: ^2.1.3
473 silly placeDep ROOT esrecurse@4.3.0 OK for: eslint-scope@8.4.0 want: ^4.3.0
474 silly placeDep ROOT estraverse@5.3.0 OK for: eslint-scope@8.4.0 want: ^5.2.0
475 silly placeDep ROOT acorn@8.15.0 OK for: espree@10.4.0 want: ^8.15.0
476 silly placeDep ROOT acorn-jsx@5.3.2 OK for: espree@10.4.0 want: ^5.3.2
477 silly placeDep ROOT flat-cache@4.0.1 OK for: file-entry-cache@8.0.0 want: ^4.0.0
478 silly fetch manifest keyv@^4.5.4
479 silly packumentCache full:https://registry.npmjs.org/keyv cache-miss
480 http fetch GET 200 https://registry.npmjs.org/keyv 5ms (cache hit)
481 silly packumentCache full:https://registry.npmjs.org/keyv set size:206035 disposed:false
482 silly fetch manifest flatted@^3.2.9
483 silly packumentCache full:https://registry.npmjs.org/flatted cache-miss
484 http fetch GET 200 https://registry.npmjs.org/flatted 5ms (cache hit)
485 silly packumentCache full:https://registry.npmjs.org/flatted set size:126610 disposed:false
486 silly placeDep ROOT locate-path@6.0.0 OK for: find-up@5.0.0 want: ^6.0.0
487 silly placeDep ROOT path-exists@4.0.0 OK for: find-up@5.0.0 want: ^4.0.0
488 silly fetch manifest p-locate@^5.0.0
489 silly packumentCache full:https://registry.npmjs.org/p-locate cache-miss
490 http fetch GET 200 https://registry.npmjs.org/p-locate 6ms (cache hit)
491 silly packumentCache full:https://registry.npmjs.org/p-locate set size:20789 disposed:false
492 silly placeDep ROOT flatted@3.3.3 OK for: flat-cache@4.0.1 want: ^3.2.9
493 silly placeDep ROOT keyv@4.5.4 OK for: flat-cache@4.0.1 want: ^4.5.4
494 silly fetch manifest json-buffer@3.0.1
495 silly packumentCache full:https://registry.npmjs.org/json-buffer cache-miss
496 http fetch GET 200 https://registry.npmjs.org/json-buffer 2ms (cache hit)
497 silly packumentCache full:https://registry.npmjs.org/json-buffer set size:23474 disposed:false
498 silly placeDep ROOT type-fest@0.20.2 OK for: globals@13.19.0 want: ^0.20.2
499 silly placeDep ROOT parent-module@1.0.1 OK for: import-fresh@3.3.1 want: ^1.0.0
500 silly placeDep ROOT resolve-from@4.0.0 OK for: import-fresh@3.3.1 want: ^4.0.0
501 silly fetch manifest callsites@^3.0.0
502 silly packumentCache full:https://registry.npmjs.org/callsites cache-miss
503 http fetch GET 200 https://registry.npmjs.org/callsites 5ms (cache hit)
504 silly packumentCache full:https://registry.npmjs.org/callsites set size:21349 disposed:false
505 silly placeDep ROOT is-extglob@2.1.1 OK for: is-glob@4.0.3 want: ^2.1.1
506 silly placeDep ROOT argparse@2.0.1 OK for: js-yaml@4.1.0 want: ^2.0.1
507 silly placeDep ROOT json-buffer@3.0.1 OK for: keyv@4.5.4 want: 3.0.1
508 silly placeDep ROOT prelude-ls@1.2.1 OK for: levn@0.4.1 want: ^1.2.1
509 silly placeDep ROOT type-check@0.4.0 OK for: levn@0.4.1 want: ~0.4.0
510 silly placeDep ROOT p-locate@5.0.0 OK for: locate-path@6.0.0 want: ^5.0.0
511 silly fetch manifest p-limit@^3.0.2
512 silly packumentCache full:https://registry.npmjs.org/p-limit cache-miss
513 http fetch GET 200 https://registry.npmjs.org/p-limit 3ms (cache hit)
514 silly packumentCache full:https://registry.npmjs.org/p-limit set size:50060 disposed:false
515 silly placeDep ROOT brace-expansion@1.1.12 OK for: minimatch@3.1.2 want: ^1.1.7
516 silly fetch manifest balanced-match@^1.0.0
517 silly packumentCache full:https://registry.npmjs.org/balanced-match cache-miss
518 http fetch GET 200 https://registry.npmjs.org/balanced-match 5ms (cache hit)
519 silly packumentCache full:https://registry.npmjs.org/balanced-match set size:33860 disposed:false
520 silly fetch manifest concat-map@0.0.1
521 silly packumentCache full:https://registry.npmjs.org/concat-map cache-miss
522 http fetch GET 200 https://registry.npmjs.org/concat-map 2ms (cache hit)
523 silly packumentCache full:https://registry.npmjs.org/concat-map set size:9290 disposed:false
524 silly placeDep ROOT balanced-match@1.0.2 OK for: brace-expansion@1.1.12 want: ^1.0.0
525 silly placeDep ROOT concat-map@0.0.1 OK for: brace-expansion@1.1.12 want: 0.0.1
526 silly placeDep ROOT deep-is@0.1.4 OK for: optionator@0.9.4 want: ^0.1.3
527 silly placeDep ROOT fast-levenshtein@2.0.6 OK for: optionator@0.9.4 want: ^2.0.6
528 silly placeDep ROOT word-wrap@1.2.5 OK for: optionator@0.9.4 want: ^1.2.5
529 silly placeDep ROOT p-limit@3.1.0 OK for: p-locate@5.0.0 want: ^3.0.2
530 silly fetch manifest yocto-queue@^0.1.0
531 silly packumentCache full:https://registry.npmjs.org/yocto-queue cache-miss
532 http fetch GET 200 https://registry.npmjs.org/yocto-queue 14ms (cache hit)
533 silly packumentCache full:https://registry.npmjs.org/yocto-queue set size:18446 disposed:false
534 silly placeDep ROOT yocto-queue@0.1.0 OK for: p-limit@3.1.0 want: ^0.1.0
535 silly placeDep ROOT callsites@3.1.0 OK for: parent-module@1.0.1 want: ^3.0.0
536 silly placeDep ROOT shebang-regex@3.0.0 OK for: shebang-command@2.0.0 want: ^3.0.0
537 silly placeDep ROOT has-flag@4.0.0 OK for: supports-color@7.2.0 want: ^4.0.0
538 silly placeDep ROOT punycode@2.3.1 OK for: uri-js@4.4.1 want: ^2.1.0
539 silly placeDep ROOT isexe@2.0.0 OK for: which@2.0.2 want: ^2.0.0
540 silly reify moves {}
541 silly audit bulk request {
541 silly audit   eslint: [ '9.25.1' ],
541 silly audit   '@eslint/css': [ '0.6.0' ],
541 silly audit   '@eslint/js': [ '9.25.1' ],
541 silly audit   '@eslint/json': [ '0.12.0' ],
541 silly audit   '@html-eslint/eslint-plugin': [ '0.39.0' ],
541 silly audit   '@html-eslint/parser': [ '0.40.0' ],
541 silly audit   globals: [ '13.19.0', '14.0.0' ],
541 silly audit   '@eslint/core': [ '0.10.0', '0.12.0', '0.13.0' ],
541 silly audit   '@eslint/css-tree': [ '3.6.1' ],
541 silly audit   '@eslint/plugin-kit': [ '0.2.8' ],
541 silly audit   '@types/json-schema': [ '7.0.15' ],
541 silly audit   'mdn-data': [ '2.21.0' ],
541 silly audit   'source-map-js': [ '1.2.1' ],
541 silly audit   '@humanwhocodes/momoa': [ '3.3.8' ],
541 silly audit   'natural-compare': [ '1.4.0' ],
541 silly audit   levn: [ '0.4.1' ],
541 silly audit   '@html-eslint/template-parser': [ '0.39.0' ],
541 silly audit   '@html-eslint/template-syntax-parser': [ '0.39.0', '0.40.0' ],
541 silly audit   'es-html-parser': [ '0.2.0', '0.1.1' ],
541 silly audit   '@eslint-community/eslint-utils': [ '4.7.0' ],
541 silly audit   '@eslint-community/regexpp': [ '4.12.1' ],
541 silly audit   '@eslint/config-array': [ '0.20.1' ],
541 silly audit   '@eslint/config-helpers': [ '0.2.3' ],
541 silly audit   '@eslint/eslintrc': [ '3.3.1' ],
541 silly audit   '@humanfs/node': [ '0.16.6' ],
541 silly audit   '@humanwhocodes/module-importer': [ '1.0.1' ],
541 silly audit   '@humanwhocodes/retry': [ '0.4.3', '0.3.1' ],
541 silly audit   '@types/estree': [ '1.0.8' ],
541 silly audit   ajv: [ '6.12.6' ],
541 silly audit   chalk: [ '4.1.2' ],
541 silly audit   'cross-spawn': [ '7.0.6' ],
541 silly audit   debug: [ '4.4.1' ],
541 silly audit   'escape-string-regexp': [ '4.0.0' ],
541 silly audit   'eslint-scope': [ '8.4.0' ],
541 silly audit   'eslint-visitor-keys': [ '4.2.1', '3.4.3' ],
541 silly audit   espree: [ '10.4.0' ],
541 silly audit   esquery: [ '1.6.0' ],
541 silly audit   esutils: [ '2.0.3' ],
541 silly audit   'fast-deep-equal': [ '3.1.3' ],
541 silly audit   'file-entry-cache': [ '8.0.0' ],
541 silly audit   'find-up': [ '5.0.0' ],
541 silly audit   'glob-parent': [ '6.0.2' ],
541 silly audit   ignore: [ '5.3.2' ],
541 silly audit   imurmurhash: [ '0.1.4' ],
541 silly audit   'is-glob': [ '4.0.3' ],
541 silly audit   'json-stable-stringify-without-jsonify': [ '1.0.1' ],
541 silly audit   'lodash.merge': [ '4.6.2' ],
541 silly audit   minimatch: [ '3.1.2' ],
541 silly audit   optionator: [ '0.9.4' ],
541 silly audit   '@eslint/object-schema': [ '2.1.6' ],
541 silly audit   'import-fresh': [ '3.3.1' ],
541 silly audit   'js-yaml': [ '4.1.0' ],
541 silly audit   'strip-json-comments': [ '3.1.1' ],
541 silly audit   '@humanfs/core': [ '0.19.1' ],
541 silly audit   'fast-json-stable-stringify': [ '2.1.0' ],
541 silly audit   'json-schema-traverse': [ '0.4.1' ],
541 silly audit   'uri-js': [ '4.4.1' ],
541 silly audit   'ansi-styles': [ '4.3.0' ],
541 silly audit   'supports-color': [ '7.2.0' ],
541 silly audit   'color-convert': [ '2.0.1' ],
541 silly audit   'color-name': [ '1.1.4' ],
541 silly audit   'path-key': [ '3.1.1' ],
541 silly audit   'shebang-command': [ '2.0.0' ],
541 silly audit   which: [ '2.0.2' ],
541 silly audit   ms: [ '2.1.3' ],
541 silly audit   esrecurse: [ '4.3.0' ],
541 silly audit   estraverse: [ '5.3.0' ],
541 silly audit   acorn: [ '8.15.0' ],
541 silly audit   'acorn-jsx': [ '5.3.2' ],
541 silly audit   'flat-cache': [ '4.0.1' ],
541 silly audit   'locate-path': [ '6.0.0' ],
541 silly audit   'path-exists': [ '4.0.0' ],
541 silly audit   flatted: [ '3.3.3' ],
541 silly audit   keyv: [ '4.5.4' ],
541 silly audit   'type-fest': [ '0.20.2' ],
541 silly audit   'parent-module': [ '1.0.1' ],
541 silly audit   'resolve-from': [ '4.0.0' ],
541 silly audit   'is-extglob': [ '2.1.1' ],
541 silly audit   argparse: [ '2.0.1' ],
541 silly audit   'json-buffer': [ '3.0.1' ],
541 silly audit   'prelude-ls': [ '1.2.1' ],
541 silly audit   'type-check': [ '0.4.0' ],
541 silly audit   'p-locate': [ '5.0.0' ],
541 silly audit   'brace-expansion': [ '1.1.12' ],
541 silly audit   'balanced-match': [ '1.0.2' ],
541 silly audit   'concat-map': [ '0.0.1' ],
541 silly audit   'deep-is': [ '0.1.4' ],
541 silly audit   'fast-levenshtein': [ '2.0.6' ],
541 silly audit   'word-wrap': [ '1.2.5' ],
541 silly audit   'p-limit': [ '3.1.0' ],
541 silly audit   'yocto-queue': [ '0.1.0' ],
541 silly audit   callsites: [ '3.1.0' ],
541 silly audit   'shebang-regex': [ '3.0.0' ],
541 silly audit   'has-flag': [ '4.0.0' ],
541 silly audit   punycode: [ '2.3.1' ],
541 silly audit   isexe: [ '2.0.0' ]
541 silly audit }
542 http fetch POST 200 https://registry.npmjs.org/-/npm/v1/security/advisories/bulk 456ms
543 silly audit report {}
544 silly ADD node_modules/isexe
545 silly ADD node_modules/punycode
546 silly ADD node_modules/has-flag
547 silly ADD node_modules/shebang-regex
548 silly ADD node_modules/callsites
549 silly ADD node_modules/yocto-queue
550 silly ADD node_modules/p-limit
551 silly ADD node_modules/word-wrap
552 silly ADD node_modules/fast-levenshtein
553 silly ADD node_modules/deep-is
554 silly ADD node_modules/concat-map
555 silly ADD node_modules/balanced-match
556 silly ADD node_modules/brace-expansion
557 silly ADD node_modules/p-locate
558 silly ADD node_modules/type-check
559 silly ADD node_modules/prelude-ls
560 silly ADD node_modules/json-buffer
561 silly ADD node_modules/argparse
562 silly ADD node_modules/is-extglob
563 silly ADD node_modules/resolve-from
564 silly ADD node_modules/parent-module
565 silly ADD node_modules/type-fest
566 silly ADD node_modules/keyv
567 silly ADD node_modules/flatted
568 silly ADD node_modules/path-exists
569 silly ADD node_modules/locate-path
570 silly ADD node_modules/flat-cache
571 silly ADD node_modules/acorn-jsx
572 silly ADD node_modules/acorn
573 silly ADD node_modules/estraverse
574 silly ADD node_modules/esrecurse
575 silly ADD node_modules/ms
576 silly ADD node_modules/which
577 silly ADD node_modules/shebang-command
578 silly ADD node_modules/path-key
579 silly ADD node_modules/color-name
580 silly ADD node_modules/color-convert
581 silly ADD node_modules/supports-color
582 silly ADD node_modules/ansi-styles
583 silly ADD node_modules/uri-js
584 silly ADD node_modules/json-schema-traverse
585 silly ADD node_modules/fast-json-stable-stringify
586 silly ADD node_modules/@humanfs/core
587 silly ADD node_modules/strip-json-comments
588 silly ADD node_modules/js-yaml
589 silly ADD node_modules/import-fresh
590 silly ADD node_modules/@eslint/object-schema
591 silly ADD node_modules/optionator
592 silly ADD node_modules/minimatch
593 silly ADD node_modules/lodash.merge
594 silly ADD node_modules/json-stable-stringify-without-jsonify
595 silly ADD node_modules/is-glob
596 silly ADD node_modules/imurmurhash
597 silly ADD node_modules/ignore
598 silly ADD node_modules/glob-parent
599 silly ADD node_modules/find-up
600 silly ADD node_modules/file-entry-cache
601 silly ADD node_modules/fast-deep-equal
602 silly ADD node_modules/esutils
603 silly ADD node_modules/esquery
604 silly ADD node_modules/espree
605 silly ADD node_modules/eslint-visitor-keys
606 silly ADD node_modules/eslint-scope
607 silly ADD node_modules/escape-string-regexp
608 silly ADD node_modules/debug
609 silly ADD node_modules/cross-spawn
610 silly ADD node_modules/chalk
611 silly ADD node_modules/ajv
612 silly ADD node_modules/@types/estree
613 silly ADD node_modules/@humanwhocodes/retry
614 silly ADD node_modules/@humanwhocodes/module-importer
615 silly ADD node_modules/@humanfs/node
616 silly ADD node_modules/@humanfs/node/node_modules/@humanwhocodes/retry
617 silly ADD node_modules/@eslint/eslintrc
618 silly ADD node_modules/@eslint/eslintrc/node_modules/globals
619 silly ADD node_modules/@eslint/config-helpers
620 silly ADD node_modules/@eslint/config-array
621 silly ADD node_modules/@eslint-community/regexpp
622 silly ADD node_modules/@eslint-community/eslint-utils
623 silly ADD node_modules/@eslint-community/eslint-utils/node_modules/eslint-visitor-keys
624 silly ADD node_modules/es-html-parser
625 silly ADD node_modules/@html-eslint/template-syntax-parser
626 silly ADD node_modules/@html-eslint/template-parser
627 silly ADD node_modules/@html-eslint/template-parser/node_modules/es-html-parser
628 silly ADD node_modules/levn
629 silly ADD node_modules/natural-compare
630 silly ADD node_modules/@humanwhocodes/momoa
631 silly ADD node_modules/source-map-js
632 silly ADD node_modules/mdn-data
633 silly ADD node_modules/@types/json-schema
634 silly ADD node_modules/@eslint/plugin-kit
635 silly ADD node_modules/@eslint/plugin-kit/node_modules/@eslint/core
636 silly ADD node_modules/@eslint/css-tree
637 silly ADD node_modules/@eslint/core
638 silly ADD node_modules/globals
639 silly ADD node_modules/eslint
640 silly ADD node_modules/eslint/node_modules/@eslint/core
641 silly ADD node_modules/@html-eslint/parser
642 silly ADD node_modules/@html-eslint/parser/node_modules/@html-eslint/template-syntax-parser
643 silly ADD node_modules/@html-eslint/eslint-plugin
644 silly ADD node_modules/@eslint/json
645 silly ADD node_modules/@eslint/json/node_modules/@eslint/core
646 silly ADD node_modules/@eslint/js
647 silly ADD node_modules/@eslint/css
648 verbose cwd /home/user/eslint
649 verbose os Linux 6.1.102
650 verbose node v20.19.2
651 verbose npm  v10.8.2
652 verbose exit 0
653 info ok
